[35m[Appium][39m Welcome to Appium v1.18.3
[35m[Appium][39m Non-default server args:
[35m[Appium][39m   port: 57030
[35m[Appium][39m   loglevel: info
[35m[Appium][39m   tmpDir: C:\Users\ROG\AppData\Local\Temp\\Katalon\Appium\Temp1605521234773
[35m[Appium][39m   chromedriverPort: 57031
[35m[Appium][39m Deprecated server args:
[35m[Appium][39m   [31m--chromedriver-port[39m => --default-capabilities '{"chromedriverPort":57031}'
[35m[Appium][39m Default capabilities, which will be added to each request unless overridden by desired capabilities:
[35m[Appium][39m   chromedriverPort: 57031
[35m[Appium][39m Appium REST http interface listener started on 0.0.0.0:57030
[35m[HTTP][39m [37m-->[39m [37mGET[39m [37m/wd/hub/status[39m
[35m[HTTP][39m [90m{}[39m
[35m[HTTP][39m [37m<-- GET /wd/hub/status [39m[32m200[39m [90m6 ms - 68[39m
[35m[HTTP][39m [90m[39m
[35m[HTTP][39m [37m-->[39m [37mGET[39m [37m/wd/hub/status[39m
[35m[HTTP][39m [90m{}[39m
[35m[HTTP][39m [37m<-- GET /wd/hub/status [39m[32m200[39m [90m1 ms - 68[39m
[35m[HTTP][39m [90m[39m
[35m[HTTP][39m [37m-->[39m [37mPOST[39m [37m/wd/hub/session[39m
[35m[HTTP][39m [90m{"desiredCapabilities":{"app":"D:\\Data Kuliah\\Magang\\CIMB Niaga\\app-universal-release-alphasft.apk","noReset":true,"deviceName":"emulator-5554 (Android SDK built for x86 - Android 8.0.0)","fullReset":false,"platform":"ANDROID","newCommandTimeout":1800,"platformVersion":"8.0.0","automationName":"uiautomator2","autoGrantPermissions":true,"platformName":"Android","udid":"emulator-5554","systemPort":57056},"capabilities":{"firstMatch":[{"appium:app":"D:\\Data Kuliah\\Magang\\CIMB Niaga\\app-universal-release-alphasft.apk","appium:autoGrantPermissions":true,"appium:automationName":"uiautomator2","appium:deviceName":"emulator-5554 (Android SDK built for x86 - Android 8.0.0)","appium:fullReset":false,"appium:newCommandTimeout":1800,"appium:noReset":true,"platform":"ANDROID","platformName":"android","appium:platformVersion":"8.0.0","appium:systemPort":57056,"appium:udid":"emulator-5554"}]}}[39m
[35m[BaseDriver][39m The following capabilities are not standard capabilities and should have an extension prefix:
[35m[BaseDriver][39m   platform
[35m[BaseDriver][39m   chromedriverPort
[35m[Appium][39m Appium v1.18.3 creating new AndroidUiautomator2Driver (v1.56.1) session
[35m[BaseDriver][39m The following capabilities were provided, but are not recognized by Appium:
[35m[BaseDriver][39m   platform
[35m[BaseDriver][39m Session created with session id: 8de9722d-115f-413f-a9a3-04b37e891e28
[35m[BaseDriver][39m Using local app 'D:\Data Kuliah\Magang\CIMB Niaga\app-universal-release-alphasft.apk'
[35m[ADB][39m Found 1 'build-tools' folders under 'C:\Users\ROG\.katalon\tools\android_sdk' (newest first):
[35m[ADB][39m     C:/Users/ROG/.katalon/tools/android_sdk/build-tools/29.0.3
[35m[ADB][39m Using 'adb.exe' from 'C:\Users\ROG\.katalon\tools\android_sdk\platform-tools\adb.exe'
[35m[AndroidDriver][39m Retrieving device list
[35m[AndroidDriver][39m Using device: emulator-5554
[35m[ADB][39m Using 'adb.exe' from 'C:\Users\ROG\.katalon\tools\android_sdk\platform-tools\adb.exe'
[35m[ADB][39m Package name: 'com.rm_tools'
[35m[ADB][39m Main activity name: 'com.rm_tools.MainActivity'
[35m[ADB][39m Using 'apksigner.jar' from 'C:\Users\ROG\.katalon\tools\android_sdk\build-tools\29.0.3\lib\apksigner.jar'
[35m[UiAutomator2][39m Server packages are not going to be (re)installed
[35m[ADB][39m The application at 'D:\Data Kuliah\Magang\CIMB Niaga\app-universal-release-alphasft.apk' will not be cached, because the device under test has confirmed the support of streamed installs
[35m[ADB][39m The installation of 'app-universal-release-alphasft.apk' took 2906ms
[35m[UiAutomator2][39m Starting UIAutomator2 server 4.12.2
[35m[UiAutomator2][39m Using UIAutomator2 server from 'C:\Program Files\node-v14.15.0-win-x64\node_modules\appium\node_modules\appium-uiautomator2-server\apks\appium-uiautomator2-server-v4.12.2.apk' and test from 'C:\Program Files\node-v14.15.0-win-x64\node_modules\appium\node_modules\appium-uiautomator2-server\apks\appium-uiautomator2-server-debug-androidTest.apk'
[35m[UiAutomator2][39m Waiting up to 30000ms for UiAutomator2 to be online...
[35m[WD Proxy][39m socket hang up
[35m[WD Proxy][39m socket hang up
[35m[WD Proxy][39m Determined the downstream protocol as 'W3C'
[35m[AndroidDriver][39m Screen already unlocked, doing nothing
[35m[UiAutomator2][39m Starting 'com.rm_tools/com.rm_tools.MainActivity and waiting for 'com.rm_tools/com.rm_tools.MainActivity'
[35m[Appium][39m New AndroidUiautomator2Driver session created successfully, session 8de9722d-115f-413f-a9a3-04b37e891e28 added to master session list
[35m[HTTP][39m [37m<-- POST /wd/hub/session [39m[32m200[39m [90m16609 ms - 1346[39m
[35m[HTTP][39m [90m[39m
[35m[HTTP][39m [37m-->[39m [37mGET[39m [37m/wd/hub/session/8de9722d-115f-413f-a9a3-04b37e891e28[39m
[35m[HTTP][39m [90m{}[39m
[35m[HTTP][39m [37m<-- GET /wd/hub/session/8de9722d-115f-413f-a9a3-04b37e891e28 [39m[32m200[39m [90m15 ms - 1300[39m
[35m[HTTP][39m [90m[39m
[35m[HTTP][39m [37m-->[39m [37mGET[39m [37m/wd/hub/session/8de9722d-115f-413f-a9a3-04b37e891e28[39m
[35m[HTTP][39m [90m{}[39m
[35m[HTTP][39m [37m<-- GET /wd/hub/session/8de9722d-115f-413f-a9a3-04b37e891e28 [39m[32m200[39m [90m15 ms - 1300[39m
[35m[HTTP][39m [90m[39m
[35m[HTTP][39m [37m-->[39m [37mGET[39m [37m/wd/hub/status[39m
[35m[HTTP][39m [90m{}[39m
[35m[HTTP][39m [37m<-- GET /wd/hub/status [39m[32m200[39m [90m2 ms - 68[39m
[35m[HTTP][39m [90m[39m
[35m[HTTP][39m [37m-->[39m [37mPOST[39m [37m/wd/hub/session/8de9722d-115f-413f-a9a3-04b37e891e28/timeouts[39m
[35m[HTTP][39m [90m{"implicit":60000}[39m
[35m[HTTP][39m [37m<-- POST /wd/hub/session/8de9722d-115f-413f-a9a3-04b37e891e28/timeouts [39m[32m200[39m [90m6 ms - 14[39m
[35m[HTTP][39m [90m[39m
[35m[HTTP][39m [37m-->[39m [37mGET[39m [37m/wd/hub/session/8de9722d-115f-413f-a9a3-04b37e891e28/source[39m
[35m[HTTP][39m [90m{}[39m
[35m[W3C (8de9722d)][39m Driver proxy active, passing request on via HTTP proxy
[35m[WD Proxy][39m Replacing sessionId 390e19dc-7ab8-4b93-bcb6-66f336935b26 with 8de9722d-115f-413f-a9a3-04b37e891e28
[35m[HTTP][39m [37m<-- GET /wd/hub/session/8de9722d-115f-413f-a9a3-04b37e891e28/source [39m[32m200[39m [90m635 ms - 2720[39m
[35m[HTTP][39m [90m[39m
[35m[HTTP][39m [37m-->[39m [37mGET[39m [37m/wd/hub/session/8de9722d-115f-413f-a9a3-04b37e891e28/screenshot[39m
[35m[HTTP][39m [90m{}[39m
[35m[HTTP][39m [37m<-- GET /wd/hub/session/8de9722d-115f-413f-a9a3-04b37e891e28/screenshot [39m[32m200[39m [90m718 ms - 51296[39m
[35m[HTTP][39m [90m[39m
[35m[HTTP][39m [37m-->[39m [37mGET[39m [37m/wd/hub/session/8de9722d-115f-413f-a9a3-04b37e891e28/source[39m
[35m[HTTP][39m [90m{}[39m
[35m[W3C (8de9722d)][39m Driver proxy active, passing request on via HTTP proxy
[35m[WD Proxy][39m Replacing sessionId 390e19dc-7ab8-4b93-bcb6-66f336935b26 with 8de9722d-115f-413f-a9a3-04b37e891e28
[35m[HTTP][39m [37m<-- GET /wd/hub/session/8de9722d-115f-413f-a9a3-04b37e891e28/source [39m[32m200[39m [90m498 ms - 19646[39m
[35m[HTTP][39m [90m[39m
[35m[HTTP][39m [37m-->[39m [37mGET[39m [37m/wd/hub/session/8de9722d-115f-413f-a9a3-04b37e891e28/screenshot[39m
[35m[HTTP][39m [90m{}[39m
[35m[HTTP][39m [37m<-- GET /wd/hub/session/8de9722d-115f-413f-a9a3-04b37e891e28/screenshot [39m[32m200[39m [90m667 ms - 118700[39m
[35m[HTTP][39m [90m[39m
[35m[HTTP][39m [37m-->[39m [37mPOST[39m [37m/wd/hub/session/8de9722d-115f-413f-a9a3-04b37e891e28/elements[39m
[35m[HTTP][39m [90m{"using":"-android uiautomator","value":"new UiSelector().className(\"android.widget.FrameLayout\").packageName(\"com.rm_tools\").enabled(true).clickable(true).longClickable(false).checkable(false).checked(false).focusable(false).focused(false).scrollable(false).selected(false).index(1)"}[39m
[35m[HTTP][39m [37m<-- POST /wd/hub/session/8de9722d-115f-413f-a9a3-04b37e891e28/elements [39m[32m200[39m [90m60008 ms - 12[39m
[35m[HTTP][39m [90m[39m
[35m[HTTP][39m [37m-->[39m [37mPOST[39m [37m/wd/hub/session/8de9722d-115f-413f-a9a3-04b37e891e28/elements[39m
[35m[HTTP][39m [90m{"using":"id","value":"com.rm_tools:id/snackbar_text"}[39m
[35m[HTTP][39m [37m<-- POST /wd/hub/session/8de9722d-115f-413f-a9a3-04b37e891e28/elements [39m[32m200[39m [90m60395 ms - 12[39m
[35m[HTTP][39m [90m[39m
[35m[HTTP][39m [37m-->[39m [37mPOST[39m [37m/wd/hub/session/8de9722d-115f-413f-a9a3-04b37e891e28/elements[39m
[35m[HTTP][39m [90m{"using":"-android uiautomator","value":"new UiSelector().className(\"android.widget.TextView\").text(\"Please fill all required fields\").resourceId(\"com.rm_tools:id/snackbar_text\").packageName(\"com.rm_tools\").enabled(true).clickable(false).longClickable(false).checkable(false).checked(false).focusable(false).focused(false).scrollable(false).selected(false).index(0)"}[39m
[35m[HTTP][39m [37m<-- POST /wd/hub/session/8de9722d-115f-413f-a9a3-04b37e891e28/elements [39m[32m200[39m [90m60132 ms - 12[39m
[35m[[35m[HTTP][39m [37m-->[39m [37mDELETE[39m [37m/wd/hub/session/9beeaef7-207d-484e-9a46-afa08c437ac7[39m
[35m[HTTP][39m [90m{}[39m
[35m[HTTP][39m [37m<-- DELETE /wd/hub/session/9beeaef7-207d-484e-9a46-afa08c437ac7 [39m[33m404[39m [90m54 ms - 2412[39m
[35m[HTTP][39m [90m[39m
 /wd/hub/session/8de9722d-115f-413f-a9a3-04b37e891e28 [39m[32m200[39m [90m172 ms - 14[39m
[35m[HTTP][39m [90m[39m
